[7] 0
[17] 0
[23] I_am_the_admin 奥斯卡 foo@bar.com 10 
[27] 0
[29] 0
[39] 0
[45] 0
[54] 0
[56] 0
[62] 0
[64] 0
[67] 0
[68] 0
[77] -1
[82] 0
[92] 0
[93] Greyy 格雷伊 Europe.have@entered.into 4 
[96] Blaze 煌煌 All.the.Powers@of.old 4 
[105] Greyy 格雷伊 Europe.have@entered.into 4 
[106] 0
[112] 0
[115] 0
[123] Greyy 格雷伊 Czar.Metternich@and.Guizot 4 
[128] 0
[135] 0
[143] Beagle 米格鲁 Europethe.spectre@of.Communism 4 
[145] 0
[152] 0
[156] -1
[158] 0
[167] 0
[173] Beagle 米格 Europethe.spectre@of.Communism 4 
[177] Nightmare 夜魔 policespies@Where.is 3 
[179] Leizi 惊蛰 this.spectre@Pope.and 1 
[186] 0
[192] -1
[193] Rangers 巡林者 the.party.in@opposition.that 3 
[201] Beagle 米格 Europethe.spectre@of.Communism 4 
[208] Jessica 杰西卡 has.not.been@decried.as 2 
[218] 0
[227] 0
[228] WaaiFu 槐琥 French.Radicals@and.German 2 
[237] 0
[238] 0
[241] 0
[249] 0
[259] 0
[268] 0
[269] 0
[274] 0
[283] 0
[284] 0
[286] 0
[291] 0
[292] Nightmare 夜魔 policespies@Where.is 3 
[297] 0
[304] 0
[309] 0
[317] 0
[320] Broca 布洛卡 branding.reproach@of.Communism 1 
[321] Manticore 狮蝎 not.hurled@back.the 2 
[329] 0
[334] 0
[336] Beagle 米格 Europethe.spectre@of.Communism 4 
[338] 0
[340] 0
[341] 0
[349] 0
[355] -1
[361] 0
[363] 0
[368] Greyy 格雷伊 Czar.Metternich@and.Guizot 4 
[372] Hibiscus 芙蓉 Communistic@by.its 1 
[378] 0
[387] 0
[389] 0
[397] 0
[398] 0
[404] 0
[406] 0
[411] Broca 布洛卡 branding.reproach@of.Communism 1 
[420] Manticore 狮蝎 not.hurled@back.the 2 
[423] 0
[424] 0
[428] Broca 布洛卡 branding.reproach@of.Communism 1 
[437] Leizi 惊蛰 this.spectre@Pope.and 1 
[447] 0
[457] 0
[467] Nightmare 夜魔 policespies@Where.is 3 
[477] 0
[486] 0
[489] 0
[492] 0
[499] 0
[503] -1
[508] Schwarz 黑黑 is.the.Opposition@that.has 1 
[516] 0
[521] 0
[531] 0
[539] 0
[546] 0
[553] Broca 布洛卡 branding.reproach@of.Communism 1 
[554] 0
[560] 0
[569] 0
[576] 0
[583] 0
[591] 0
[599] 0
[606] 0
[615] 0
[618] 0
[626] 0
[632] 0
[634] 0
[636] Earthspirit 地灵 I.Communism@is.already 3 
[644] 0
[647] -1
[649] Yato 夜刀 meet.this.nursery@tale.of 3 
[650] 0
[652] 0
[653] 0
[660] 0
[666] Haze 夜烟 result.from@this.fact 1 
[670] Executor 送葬人 history.of@all.hitherto 1 
[671] 0
[676] 0
[682] -1
[689] 0
[696] 0
[697] Ethan 伊桑 acknowledged@by.all 3 
[706] -1
[713] Meteorite 陨星 European.Powers@to.be 3 
[722] Leizi 惊蛰 this.spectre@Pope.and 1 
[731] 0
[741] 0
[745] 0
[748] Manticore 狮蝎 not.hurled@back.the 2 
[753] 0
[763] 0
[773] Plume 翎羽 serf.guildmaster@and.journeyma 2 
[782] 0
[783] Schwarz 黑黑 is.the.Opposition@that.has 1 
[789] -1
[795] 0
[803] 0
[806] 0
[814] 0
[821] GreyThroat 灰喉 Freeman.and@slave.patrician 1 
[826] 0
[833] 0
[843] 0
[846] 0
[850] 1
LeavesofGrass 广东省四会市 08-02 15:39 -> 新疆伊宁市 08-03 08:52 2829 98306
[860] 1
LeavesofGrass 河北省河间市 08-04 18:11 -> 河南省灵宝市 08-04 23:39 1135 98306
[862] Liskarm 雷蛇 well.as.against@its.reactionar 1 
[866] 0
[872] 0
[874] [878] [885] [890] [891] [901] Frostleaf 霜叶 aims.their@tendencies.and 1 
[908] Frostleaf 霜叶 aims.their@tendencies.and 1 
[909] 0
[914] 0
[919] 0
[928] 0
[938] 0
[948] Hibiscus 芙蓉 Communistic@by.its 1 
[954] 0
[964] 0
[968] Ansel 安赛尔 now.open.fight@a.fight 2 
[976] 0
[980] 0
[984] 0
[988] 0
[989] Hung 吽吽 itself.a.Power@II.It 1 
[994] [1000] 0
[1001] 0
[1007] Ansel 安赛尔 now.open.fight@a.fight 2 
[1009] [1016] [1018] Hoshiguma 星熊 is.high.time@that.Communists 2 
[1020] 1
LeavesofGrass 广东省花都市 07-03 01:43 -> 浙江省慈溪市 07-03 09:48 897 98306
[1028] 1
LeavesofGrass 新疆塔城市 07-06 07:38 -> 河北省河间市 07-06 18:01 1851 98306
[1038] 0
[1043] 0
[1047] [1052] 1
LeavesofGrass 浙江省杭州市 07-04 11:52 -> 河南省灵宝市 07-04 23:39 2295 98306
[1061] Ansel 安赛尔 now.open.fight@a.fight 2 
[1065] [1074] [1084] 0
[1085] 1
LeavesofGrass 新疆塔城市 07-01 07:38 -> 浙江省慈溪市 07-02 09:48 3997 98306
[1088] Purestream 清流 party.itself@To.this 1 
[1094] 1
LeavesofGrass 广东省花都市 07-14 01:43 -> 浙江省慈溪市 07-14 09:48 897 98306
[1097] -1
[1104] [1113] Greyy 格雷伊 Czar.Metternich@and.Guizot 4 
[1120] 1
LeavesofGrass 浙江省平湖市 07-28 08:59 -> 辽宁省抚顺市 07-28 14:21 802 98306
[1127] -1
[1137] Conviction 断罪者 end.Communists@of.various 2 
[1144] 1
LeavesofGrass 新疆塔城市 07-03 07:38 -> 广东省花都市 07-04 01:39 3100 98306
[1149] 1
LeavesofGrass 辽宁省抚顺市 07-02 14:24 -> 新疆博乐市 07-03 06:04 2432 98306
[1154] Jessica 杰西卡 has.not.been@decried.as 2 
[1161] 0
[1164] 0
[1171] 1
LeavesofGrass 河北省河间市 07-31 18:11 -> 河南省灵宝市 07-31 23:39 1135 98306
[1180] [1184] [1191] Perfumer 调香师 the.earlier@epochs.of 1 
[1201] 1
LeavesofGrass 新疆塔城市 08-04 07:38 -> 黑龙江省海林市 08-04 22:46 2486 98306
[1207] 1
LeavesofGrass 河北省河间市 07-27 18:11 -> 新疆博乐市 07-28 06:04 1674 98306
[1212] [1217] [1221] 1
LeavesofGrass 浙江省平湖市 07-13 08:59 -> 辽宁省抚顺市 07-13 14:21 802 98306
[1222] [1232] Executor 送葬人 history.of@all.hitherto 1 
[1242] [1247] 0
[1255] [1257] [1264] 1
LeavesofGrass 陕西省安康市 07-25 17:25 -> 河南省灵宝市 07-25 23:39 1160 98306
[1267] [1276] 1
LeavesofGrass 浙江省平湖市 08-01 08:59 -> 黑龙江省海林市 08-01 22:46 2195 98306
[1285] [1292] [1294] 0
[1302] 0
[1310] 1
LeavesofGrass 浙江省杭州市 07-31 11:52 -> 广东省四会市 07-31 15:34 407 98306
[1320] [1322] Rangers 巡林 arrangement@of.society 3 
[1326] 1
LeavesofGrass 广东省四会市 07-21 15:39 -> 宁夏石嘴山市 07-21 19:18 974 98306
[1334] 1
LeavesofGrass 浙江省杭州市 07-01 11:52 -> 黑龙江省海林市 07-01 22:46 1795 98306
[1339] [1347] 0
[1352] 0
[1355] 1
LeavesofGrass 河南省偃师市 07-10 03:31 -> 新疆博乐市 07-10 06:04 193 98306
[1365] [1368] [1378] 1
LeavesofGrass 广东省四会市 07-24 15:39 -> 福建省建阳市 07-24 21:14 1374 98306
[1381] [1391] 0
[1396] 0
[1400] [1401] Gravel 砾砾 that.each.time@ended.either 1 
[1405] 0
[1407] 0
[1409] [1417] FEater 食铁兽 an.uninterrupted@now.hidden 1 
[1425] FEater 食铁兽 an.uninterrupted@now.hidden 1 
[1432] [1436] [1443] Specter 幽灵鲨 and.plebeian@lord.and 1 
[1444] [1446] 0
[1451] Gravel 砾砾 that.each.time@ended.either 1 
[1455] WaaiFu 槐琥 French.Radicals@and.German 2 
[1460] Magallan 麦哲伦 existing.societies@is.the 1 
[1462] Bagpipe 风笛 following.Manifesto@to.be 2 
[1471] 1
LeavesofGrass 河北省河间市 07-15 18:11 -> 新疆伊宁市 07-16 08:52 2076 98306
[1477] 1
LeavesofGrass 广东省四会市 07-25 15:39 -> 湖南省衡阳市 07-25 16:17 240 98306
[1483] 1
LeavesofGrass 河北省河间市 07-08 18:11 -> 新疆伊宁市 07-09 08:52 2076 98306
[1491] 1
LeavesofGrass 黑龙江省海林市 07-26 22:56 -> 河南省灵宝市 07-26 23:39 500 98306
[1500] 0
[1510] 0
[1516] Sussurro 苏苏洛 in.a.revolutionary@reconstitut 2 
[1525] [1532] -1
[1533] Greyy 格雷伊 Czar.Metternich@and.Guizot 4 
[1540] [1548] [1555] Provence 普罗旺斯 face.of.the@whole.world 1 
[1561] 1
LeavesofGrass 黑龙江省海林市 07-22 22:56 -> 广东省花都市 07-23 01:39 614 98306
[1567] 1
LeavesofGrass 湖南省衡阳市 07-31 16:20 -> 陕西省安康市 07-31 17:15 488 98306
[1574] 1
LeavesofGrass 新疆塔城市 07-21 07:38 -> 陕西省安康市 07-21 17:15 1826 98306
[1575] ShiraYuki 白雪 and.Danish@languages.I 3 
[1583] FEater 食铁兽 an.uninterrupted@now.hidden 1 
[1588] [1595] Haze 夜烟 result.from@this.fact 1 
[1596] [1597] 1
LeavesofGrass 广东省四会市 07-12 15:39 -> 浙江省慈溪市 07-13 09:48 2899 98306
[1600] 0
[1601] 0
[1605] [1610] Durnar 坚雷 adversaries@Two.things 1 
[1620] 1
LeavesofGrass 黑龙江省海林市 07-05 22:56 -> 河南省偃师市 07-06 03:28 846 98306
[1630] 0
[1632] 0
[1639] [1647] [1649] [1658] [1662] [1672] Jessica 杰西卡 has.not.been@decried.as 2 
[1681] 1
LeavesofGrass 河北省河间市 07-24 18:11 -> 宁夏石嘴山市 07-24 19:18 221 98306
[1690] 1
LeavesofGrass 新疆塔城市 07-24 07:38 -> 广东省花都市 07-25 01:39 3100 98306
[1692] Hibiscus 芙蓉 Communistic@by.its 1 
[1698] 1
LeavesofGrass 浙江省平湖市 07-29 08:59 -> 新疆伊宁市 07-30 08:52 3636 98306
[1705] -1
[1710] Durnar 坚雷 adversaries@Two.things 1 
[1715] 0
[1718] 0
[1727] 1
LeavesofGrass 浙江省平湖市 07-02 08:59 -> 新疆博乐市 07-03 06:04 3234 98306
[1737] [1744] Meteorite 陨星 European.Powers@to.be 3 
[1751] 1
LeavesofGrass 福建省建阳市 06-28 21:19 -> 河南省偃师市 06-29 03:28 860 98306
[1754] 0
[1764] 0
[1769] [1771] Provence 普罗旺斯 face.of.the@whole.world 1 
[1772] 1
LeavesofGrass 河南省偃师市 07-05 03:31 -> 浙江省慈溪市 07-05 09:48 665 98306
[1777] 1
LeavesofGrass 广东省四会市 07-10 15:39 -> 福建省建阳市 07-10 21:14 1374 98306
[1780] [1781] Hoshiguma 星熊 is.high.time@that.Communists 2 
[1786] Ceylon 锡兰 the.contending@classes.In 1 
[1795] Firewatch 守林人 opponents.in@power.Where 2 
[1796] WaaiFu 槐琥 French.Radicals@and.German 2 
[1803] Hibiscus 芙蓉 Communistic@by.its 1 
[1810] 1
LeavesofGrass 宁夏石嘴山市 07-03 19:25 -> 河南省灵宝市 07-03 23:39 914 98306
[1812] 1
LeavesofGrass 新疆塔城市 07-27 07:38 -> 河南省偃师市 07-28 03:28 3332 98306
[1816] Croissant 可颂 French.German@Italian.Flemish 1 
[1819] 0
[1820] 0
[1827] Perfumer 调香师 the.earlier@epochs.of 1 
[1835] 1
LeavesofGrass 黑龙江省海林市 07-27 22:56 -> 河南省偃师市 07-28 03:28 846 98306
[1836] Haze 夜烟 result.from@this.fact 1 
[1840] 1
LeavesofGrass 新疆塔城市 07-25 07:38 -> 广东省四会市 07-25 15:34 1098 98306
[1850] Hibiscus 芙蓉 Communistic@by.its 1 
[1852] Cliffheart 崖心 in.London.and@sketched.the 1 
[1861] 1
LeavesofGrass 新疆塔城市 07-30 07:38 -> 河南省灵宝市 07-30 23:39 2986 98306
[1869] 1
LeavesofGrass 河北省河间市 07-24 18:11 -> 河南省偃师市 07-25 03:28 1481 98306
[1877] [1884] 1
LeavesofGrass 广东省四会市 07-01 15:39 -> 陕西省安康市 07-01 17:15 728 98306
[1887] 0
[1892] 0
[1901] Meteorite 陨星 European.Powers@to.be 3 
[1911] 1
LeavesofGrass 陕西省安康市 07-07 17:25 -> 黑龙江省海林市 07-07 22:46 660 98306
[1916] [1926] Liskarm 雷蛇 well.as.against@its.reactionar 1 
[1936] Plume 翎羽 serf.guildmaster@and.journeyma 2 
[1937] [1940] [1942] Meteorite 陨星 European.Powers@to.be 3 
[1951] [1953] [1955] [1961] WaaiFu 槐琥 French.Radicals@and.German 2 
[1966] 1
LeavesofGrass 新疆塔城市 07-22 07:38 -> 广东省花都市 07-23 01:39 3100 98306
[1974] Haze 夜烟 result.from@this.fact 1 
[1984] 0
[1991] 0
[1999] Purestream 清流 party.itself@To.this 1 
[2006] Haze 夜烟 result.from@this.fact 1 
[2016] 0
[2025] 0
[2028] Leizi 惊蛰 this.spectre@Pope.and 1 
[2037] 1
LeavesofGrass 陕西省安康市 07-18 17:25 -> 黑龙江省海林市 07-18 22:46 660 98306
[2044] Nearl 临光 history.we@find.almost 1 
[2046] 0
[2049] 0
[2053] 0
[2056] 0
[2061] 1
LeavesofGrass 湖南省衡阳市 07-23 16:20 -> 陕西省安康市 07-23 17:15 488 98306
[2063] 1
LeavesofGrass 浙江省杭州市 07-31 11:52 -> 陕西省安康市 07-31 17:15 1135 98306
[2069] Hibiscus 芙蓉 Communistic@by.its 1 
[2071] [2081] [2082] [2085] Phantom 傀影 not.done.away@with.class 1 
[2090] 1
LeavesofGrass 福建省建阳市 07-21 21:19 -> 新疆博乐市 07-22 06:04 1053 98306
[2095] 0
[2100] 0
[2103] [2105] [2111] [2115] 1
LeavesofGrass 浙江省杭州市 07-20 11:52 -> 陕西省安康市 07-20 17:15 1135 98306
[2122] 1
LeavesofGrass 新疆博乐市 08-02 06:11 -> 浙江省慈溪市 08-02 09:48 472 98306
[2132] 0
[2134] 1
LeavesofGrass 河南省灵宝市 07-24 23:45 -> 新疆博乐市 07-25 06:04 539 98306
[2135] [2139] [2145] [2155] Haze 夜烟 result.from@this.fact 1 
[2161] -1
[2164] -1
[2165] 1
LeavesofGrass 陕西省安康市 07-26 17:25 -> 宁夏石嘴山市 07-26 19:18 246 98306
[2169] 0
[2173] 1
LeavesofGrass 浙江省平湖市 08-01 08:59 -> 新疆博乐市 08-02 06:04 3234 98306
[2174] [2175] Flamebringer 炎客 nationalities@have.assembled 2 
[2180] Nightmare 夜魔 policespies@Where.is 3 
[2184] [2186] [2188] 0
[2192] -1
[2196] 0
[2198] 1
LeavesofGrass 福建省建阳市 07-19 21:19 -> 广东省花都市 07-20 01:39 628 98306
[2200] 1
LeavesofGrass 新疆塔城市 07-22 07:38 -> 广东省四会市 07-22 15:34 1098 98306
[2208] [2218] 1
LeavesofGrass 新疆塔城市 07-29 07:38 -> 宁夏石嘴山市 07-29 19:18 2072 98306
[2222] 1
LeavesofGrass 陕西省安康市 07-18 17:25 -> 广东省花都市 07-19 01:39 1274 98306
[2226] 0
[2233] 0
[2236] 1
LeavesofGrass 新疆塔城市 08-03 07:38 -> 浙江省杭州市 08-03 11:46 691 98306
[2246] 1
LeavesofGrass 宁夏石嘴山市 06-29 19:25 -> 广东省花都市 06-30 01:39 1028 98306
[2252] ShiraYuki 白雪 and.Danish@languages.I 3 
[2260] Snowsant 雪雉 new.forms.of@struggle.in 2 
[2263] Ceylon 锡兰 the.contending@classes.In 1 
[2265] 0
[2273] 0
[2275] [2280] 0
[2282] 0
[2284] 1
LeavesofGrass 新疆塔城市 06-28 07:38 -> 辽宁省抚顺市 06-28 14:21 1093 98306
[2291] 0
[2293] 0
[2297] Manticore 狮蝎 not.hurled@back.the 2 
[2305] 0
[2310] 0
[2314] Manticore 狮蝎 not.hurled@back.the 2 
[2324] 1
LeavesofGrass 辽宁省抚顺市 08-01 14:24 -> 广东省花都市 08-02 01:39 2007 98306
[2326] [2330] Silence 赫默 stood.in.constant@opposition.t 1 
[2331] 0
[2341] 0
[2346] Jessica 杰西卡 has.not.been@decried.as 2 
[2349] 0
[2351] 0
[2355] WaaiFu 槐琥 French.Radicals@and.German 2 
[2358] 1
LeavesofGrass 广东省四会市 07-12 15:39 -> 河南省偃师市 07-13 03:28 2234 98306
[2368] 1
LeavesofGrass 浙江省杭州市 07-04 11:52 -> 河北省河间市 07-04 18:01 1160 98306
[2370] [2378] [2384] 0
[2390] 0
[2398] 1
LeavesofGrass 新疆塔城市 07-14 07:38 -> 河南省偃师市 07-15 03:28 3332 98306
[2400] 1
LeavesofGrass 浙江省杭州市 07-18 11:52 -> 河南省偃师市 07-19 03:28 2641 98306
[2401] 1
LeavesofGrass 陕西省安康市 08-01 17:25 -> 新疆伊宁市 08-02 08:52 2101 98306
[2407] [2411] WaaiFu 槐琥 French.Radicals@and.German 2 
[2417] 1
LeavesofGrass 河北省河间市 07-05 18:11 -> 浙江省慈溪市 07-06 09:48 2146 98306
[2423] 1
LeavesofGrass 浙江省杭州市 07-27 11:52 -> 河南省偃师市 07-28 03:28 2641 98306
[2424] [2434] 1
LeavesofGrass 浙江省平湖市 07-30 08:59 -> 新疆伊宁市 07-31 08:52 3636 98306
[2439] [2442] [2451] 0
[2457] 0
[2467] 1
LeavesofGrass 黑龙江省海林市 06-28 22:56 -> 河南省偃师市 06-29 03:28 846 98306
[2477] Jessica 杰西卡 has.not.been@decried.as 2 
[2479] 0
[2481] 0
[2490] Earthspirit 地灵 I.Communism@is.already 3 
[2498] 1
LeavesofGrass 辽宁省抚顺市 07-23 14:24 -> 河南省偃师市 07-24 03:28 2239 98306
[2499] 0
[2500] Platinum 白金 rank.In.ancient@Rome.we 2 
[2507] 1
LeavesofGrass 新疆塔城市 07-21 07:38 -> 新疆伊宁市 07-22 08:52 3927 98306
[2511] 1
LeavesofGrass 河北省河间市 07-21 18:11 -> 河南省偃师市 07-22 03:28 1481 98306
[2520] 1
LeavesofGrass 河北省河间市 07-05 18:11 -> 黑龙江省海林市 07-05 22:46 635 98306
[2527] 0
[2537] 0
[2547] 0
[2551] 0
[2559] 1
LeavesofGrass 陕西省安康市 07-06 17:25 -> 福建省建阳市 07-06 21:14 646 98306
[2564] Platinum 白金 each.other@Bourgeoisie.and 2 
[2566] Ifrit 伊芙利特 one.another@carried.on 2 
[2567] [2573] [2583] [2588] [2589] 0
[2597] 1
LeavesofGrass 新疆塔城市 07-30 07:38 -> 浙江省杭州市 07-30 11:46 691 98306
[2599] Shining 闪灵 the.Spectre@of.Communism 2 
[2606] [2607] [2611] 1
LeavesofGrass 福建省建阳市 07-17 21:19 -> 河南省偃师市 07-18 03:28 860 98306
[2613] 1
LeavesofGrass 浙江省杭州市 07-19 11:52 -> 河南省偃师市 07-20 03:28 2641 98306
[2621] [2631] 1
LeavesofGrass 辽宁省抚顺市 07-08 14:24 -> 新疆博乐市 07-09 06:04 2432 98306
[2639] 1
LeavesofGrass 河南省灵宝市 07-06 23:45 -> 河南省偃师市 07-07 03:28 346 98306
[2643] Leizi 惊蛰 this.spectre@Pope.and 1 
[2644] [2650] [2655] 1
LeavesofGrass 浙江省平湖市 07-31 08:59 -> 广东省花都市 08-01 01:39 2809 98306
[2661] 0
[2667] 0
[2675] 1
LeavesofGrass 宁夏石嘴山市 07-12 19:25 -> 新疆博乐市 07-13 06:04 1453 98306
[2679] 0
[2682] 1
LeavesofGrass 新疆塔城市 07-23 07:38 -> 河北省河间市 07-23 18:01 1851 98306
[2687] [2693] [2702] -1
[2709] 1
LeavesofGrass 辽宁省抚顺市 07-02 14:24 -> 河南省偃师市 07-03 03:28 2239 98306
[2714] [2722] 1
LeavesofGrass 浙江省平湖市 07-19 08:59 -> 浙江省杭州市 07-19 11:46 400 98306
[2724] 1
LeavesofGrass 浙江省平湖市 07-30 08:59 -> 广东省四会市 07-30 15:34 807 98306
[2733] [2741] 1
LeavesofGrass 河南省偃师市 07-03 03:31 -> 新疆博乐市 07-03 06:04 193 98306
[2748] [2751] Lappland 拉普兰德 manifold.gradation@of.social 1 
[2756] 0
[2764] 0
[2770] [2779] 1
LeavesofGrass 浙江省杭州市 07-24 11:52 -> 广东省花都市 07-25 01:39 2409 98306
[2782] 1
LeavesofGrass 辽宁省抚顺市 07-17 14:24 -> 广东省花都市 07-18 01:39 2007 98306
[2792] 0
[2800] 0
[2804] [2813] [2823] 1
LeavesofGrass 新疆塔城市 07-17 07:38 -> 陕西省安康市 07-17 17:15 1826 98306
[2825] [2830] 0
[2837] 0
[2843] Haze 夜烟 result.from@this.fact 1 
[2846] [2854] 0
[2860] 0
[2862] 1
LeavesofGrass 福建省建阳市 07-27 21:19 -> 河南省偃师市 07-28 03:28 860 98306
[2864] [2870] 1
LeavesofGrass 浙江省杭州市 07-01 11:52 -> 河南省灵宝市 07-01 23:39 2295 98306
[2874] [2875] BluePoison 蓝毒 that.has.sprouted@from.the 1 
[2882] 1
LeavesofGrass 广东省花都市 07-18 01:43 -> 河南省偃师市 07-18 03:28 232 98306
[2892] Bibeak 柏喙 the.bourgeoisie@possesses.howe 1 
[2893] 1
LeavesofGrass 湖南省衡阳市 07-14 16:20 -> 河南省灵宝市 07-14 23:39 1648 98306
[2899] Angelina 安洁莉娜 two.great.classes@directly.fac 1 
[2901] [2905] [2914] GreyThroat 灰喉 Freeman.and@slave.patrician 1 
[2923] 0
[2931] [2932] 0
[2942] 0
[2952] 1
LeavesofGrass 陕西省安康市 07-13 17:25 -> 福建省建阳市 07-13 21:14 646 98306
[2955] [2964] ShiraYuki 白雪 and.Danish@languages.I 3 
[2974] Croissant 可颂 French.German@Italian.Flemish 1 
[2982] Nightmare 夜魔 policespies@Where.is 3 
[2989] 1
LeavesofGrass 浙江省平湖市 07-01 08:59 -> 河南省偃师市 07-02 03:28 3041 98306
[2990] [2999] WaaiFu 槐琥 French.Radicals@and.German 2 
[3004] Shining 闪灵 the.Spectre@of.Communism 2 
[3011] Estelle 艾丝黛尔 more.splitting@up.into 3 
[3018] [3020] [3023] [3029] Grani 格拉尼 serfs.of.the@Middle.Ages 1 
[3030] [3033] 0
[3034] 0
[3035] Chen 陈陈 into.various@orders.a 2 
[3037] Haze 夜烟 result.from@this.fact 1 
[3040] [3046] 0
[3056] 0
[3058] Angelina 安洁莉娜 two.great.classes@directly.fac 1 
[3062] [3071] 1
LeavesofGrass 广东省花都市 07-13 01:43 -> 新疆伊宁市 07-13 08:52 827 98306
[3075] 1
LeavesofGrass 湖南省衡阳市 07-17 16:20 -> 宁夏石嘴山市 07-17 19:18 734 98306
[3082] 1
LeavesofGrass 广东省四会市 07-10 15:39 -> 陕西省安康市 07-10 17:15 728 98306
[3083] Perfumer 调香师 the.earlier@epochs.of 1 
[3092] [3099] Bagpipe 风笛 following.Manifesto@to.be 2 
[3102] [3107] 1
LeavesofGrass 辽宁省抚顺市 07-22 14:24 -> 新疆伊宁市 07-23 08:52 2834 98306
[3115] [3124] [3127] 0
[3129] 0
[3133] Nightmare 夜魔 policespies@Where.is 3 
[3140] [3143] Bison 拜松 classes.again@subordinate.grad 1 
[3150] [3155] 1
LeavesofGrass 黑龙江省海林市 07-19 22:56 -> 浙江省慈溪市 07-20 09:48 1511 98306
[3158] [3167] [3170] [3179] 0
[3183] [3191] Spot 斑点 with.a.Manifesto@of.the 1 
[3196] Popukar 泡普卡 PARTY.A.spectre@is.haunting 4 
[3202] Cutter 刻刀 antagonisms@Society.as 1 
[3207] 1
LeavesofGrass 河北省河间市 07-19 18:11 -> 广东省花都市 07-20 01:39 1249 98306
[3209] [3211] [3218] Mostima 莫斯提马 of.the.earliest@towns.From 2 
[3226] Meteor 流星 but.established@new.classes 1 
[3231] [3235] 1
LeavesofGrass 广东省四会市 07-15 15:39 -> 河南省灵宝市 07-15 23:39 1888 98306
[3238] [3241] 1
LeavesofGrass 福建省建阳市 07-19 21:19 -> 广东省花都市 07-20 01:39 628 98306
[3248] [3258] 1
LeavesofGrass 河南省偃师市 07-22 03:31 -> 新疆博乐市 07-22 06:04 193 98306
[3261] 1
LeavesofGrass 辽宁省抚顺市 07-11 14:24 -> 广东省花都市 07-12 01:39 2007 98306
[3267] 1
LeavesofGrass 宁夏石嘴山市 07-17 19:25 -> 新疆伊宁市 07-18 08:52 1855 98306
[3272] [3279] Meteorite 陨星 European.Powers@to.be 3 
[3286] [3288] 1
LeavesofGrass 新疆塔城市 07-13 07:38 -> 河南省偃师市 07-14 03:28 3332 98306
[3297] 1
LeavesofGrass 陕西省安康市 07-17 17:25 -> 河南省偃师市 07-18 03:28 1506 98306
[3306] 1
LeavesofGrass 陕西省安康市 07-01 17:25 -> 新疆博乐市 07-02 06:04 1699 98306
[3310] 0
[3314] 0
[3315] 0
[3318] 1
LeavesofGrass 河南省灵宝市 07-30 23:45 -> 新疆伊宁市 07-31 08:52 941 98306
[3324] 1
LeavesofGrass 浙江省杭州市 07-10 11:52 -> 广东省四会市 07-10 15:34 407 98306
[3332] [3338] Saria 塞雷娅 in.the.common@ruin.of 1 
[3347] 0
[3357] 0
[3362] Platinum 白金 each.other@Bourgeoisie.and 2 
[3365] 0
[3372] 1
LeavesofGrass 湖南省衡阳市 07-28 16:20 -> 浙江省慈溪市 07-29 09:48 2659 98306
[3381] Shining 闪灵 the.Spectre@of.Communism 2 
[3385] [3389] [3395] 0
[3401] 1
INSCRIPTIONS 广东省高要市 06-20 21:40 -> 新疆米泉市 06-21 14:38 1414 70655
[3409] 0
[3418] -1
[3419] [3421] 0
[3423] 0
[3430] [3433] 1
INSCRIPTIONS 江苏省扬州市 08-07 08:17 -> 新疆米泉市 08-07 14:38 650 70655
[3443] Ansel 安赛尔 now.open.fight@a.fight 2 
[3451] 1
LeavesofGrass 辽宁省抚顺市 07-17 14:24 -> 河南省灵宝市 07-17 23:39 1893 98306
[3457] [3467] 1
INSCRIPTIONS 云南省安宁市 07-29 20:50 -> 广东省惠阳市 07-30 01:32 289 70655
[3469] 1
INSCRIPTIONS 贵州省清镇市 06-21 16:24 -> 北京市 06-22 06:40 1029 70655
[3472] 1
INSCRIPTIONS 广东省高要市 08-15 21:40 -> 新疆米泉市 08-16 14:38 1414 70655
[3481] Popukar 泡普卡 and.Chinese@markets.the 4 
[3491] Shaw 阿消 new.conditions@of.oppression 1 
[3494] [3504] Beehunter 猎蜂 these.burgesses@the.first 2 
[3510] 1
INSCRIPTIONS 湖北省枣阳市 08-18 12:03 -> 新疆米泉市 08-18 14:38 162 70655
[3517] -1
[3525] 0
[3527] -1
[3535] [3538] 0
[3542] [3544] 1
INSCRIPTIONS 北京市 07-25 06:46 -> 新疆米泉市 07-25 14:38 850 70655
[3554] [3555] [3565] Nightingale 夜莺 a.whole.is@more.and 1 
[3567] 1
INSCRIPTIONS 云南省安宁市 06-22 20:50 -> 广东省惠阳市 06-23 01:32 289 70655
[3570] [3580] -1
[3581] [3589] 0
[3591] 0
[3596] 0
[3603] Leizi 惊蛰 this.spectre@Pope.and 1 
[3605] [3615] 0
[3624] 0
[3626] 1
LeavesofGrass 新疆塔城市 07-10 07:38 -> 河南省灵宝市 07-10 23:39 2986 98306
[3630] Specter 幽灵鲨 and.plebeian@lord.and 1 
[3634] 1
INSCRIPTIONS 广东省高要市 07-18 21:40 -> 湖北省枣阳市 07-19 11:59 1252 70655
[3642] Shining 闪灵 the.Spectre@of.Communism 2 
[3647] [3653] 0
[3661] 0
[3665] 1
INSCRIPTIONS 贵州省清镇市 08-10 16:24 -> 广东省惠阳市 08-11 01:32 618 70655
[3667] [3674] 1
INSCRIPTIONS 广东省高要市 08-19 21:40 -> 广东省惠阳市 08-20 01:32 153 70655
[3676] [3684] -1
[3689] Vulcan 火神 commodities@generally.gave 2 
[3691] [3695] [3700] [3702] 1
LeavesofGrass 新疆塔城市 08-01 07:38 -> 宁夏石嘴山市 08-01 19:18 2072 98306
[3707] [3715] 1
INSCRIPTIONS 黑龙江省五大连池市 08-05 19:22 -> 湖北省枣阳市 08-06 11:59 1544 70655
[3723] [3733] Ceylon 锡兰 the.contending@classes.In 1 
[3739] Mayer 梅尔 colonisation@of.America 1 
[3742] Haze 夜烟 result.from@this.fact 1 
[3748] 1
LeavesofGrass 湖南省衡阳市 07-12 16:20 -> 广东省花都市 07-13 01:39 1762 98306
[3749] -1
[3753] Frostleaf 霜叶 aims.their@tendencies.and 1 
[3761] Beagle 米格 Europethe.spectre@of.Communism 4 
[3763] [3773] 1
LeavesofGrass 河北省河间市 07-13 18:11 -> 新疆伊宁市 07-14 08:52 2076 98306
[3779] [3785] 1
LeavesofGrass 浙江省杭州市 07-07 11:52 -> 新疆伊宁市 07-08 08:52 3236 98306
[3793] [3803] BluePoison 蓝毒 that.has.sprouted@from.the 1 
[3810] Firewatch 守林人 opponents.in@power.Where 2 
[3817] 1
LeavesofGrass 广东省花都市 07-14 01:43 -> 新疆博乐市 07-14 06:04 425 98306
[3820] Plume 翎羽 serf.guildmaster@and.journeyma 2 
[3828] 1
INSCRIPTIONS 黑龙江省五大连池市 06-24 19:22 -> 江苏省扬州市 06-25 08:14 1056 70655
[3838] [3842] 1
INSCRIPTIONS 北京市 07-16 06:46 -> 江苏省扬州市 07-16 08:14 200 70655
[3843] [3852] 1
INSCRIPTIONS 广东省惠阳市 06-27 01:41 -> 新疆米泉市 06-27 14:38 1261 70655
[3854] 1
LeavesofGrass 浙江省平湖市 07-02 08:59 -> 陕西省安康市 07-02 17:15 1535 98306
[3862] 1
LeavesofGrass 辽宁省抚顺市 07-12 14:24 -> 河北省河间市 07-12 18:01 758 98306
[3867] Manticore 狮蝎 not.hurled@back.the 2 
[3870] 0
[3877] [3885] 1
LeavesofGrass 湖南省衡阳市 07-08 16:20 -> 河南省偃师市 07-09 03:28 1994 98306
[3891] Purestream 清流 party.itself@To.this 1 
[3896] 1
INSCRIPTIONS 广东省高要市 08-17 21:40 -> 江苏省扬州市 08-18 08:14 764 70655
[3897] [3898] 1
LeavesofGrass 河北省河间市 07-01 18:11 -> 新疆伊宁市 07-02 08:52 2076 98306
[3900] Sussurro 苏苏洛 in.a.revolutionary@reconstitut 2 
[3901] Sussurro 苏苏 to.industry@an.impulse 2 
[3911] 1
INSCRIPTIONS 贵州省清镇市 07-25 16:24 -> 云南省安宁市 07-25 20:42 329 70655
[3914] [3919] Ptilopsis 白面鸮 this.distinctive@feature.it 2 
[3921] Flamebringer 炎客 nationalities@have.assembled 2 
[3923] [3930] ProjeKTRed 红红 everywhere@a.complicated 1 
[3933] 1
INSCRIPTIONS 云南省安宁市 07-17 20:50 -> 广东省高要市 07-17 21:36 136 70655
[3939] 1
INSCRIPTIONS 云南省安宁市 07-22 20:50 -> 广东省惠阳市 07-23 01:32 289 70655
[3945] Perfumer 调香师 the.earlier@epochs.of 1 
[3950] 1
INSCRIPTIONS 广东省高要市 07-12 21:40 -> 广东省惠阳市 07-13 01:32 153 70655
[3960] 1
LeavesofGrass 湖南省衡阳市 07-10 16:20 -> 新疆伊宁市 07-11 08:52 2589 98306
[3961] 1
LeavesofGrass 新疆塔城市 06-28 07:38 -> 湖南省衡阳市 06-28 16:17 1338 98306
[3965] [3967] Bibeak 柏喙 the.bourgeoisie@possesses.howe 1 
[3971] [3979] -1
[3986] Steward 史都华德 society.at@large.or 1 
[3990] [3991] 0
[3996] 1
INSCRIPTIONS 云南省安宁市 06-14 20:50 -> 广东省高要市 06-14 21:36 136 70655
[3997] Hibiscus 芙蓉 Communistic@by.its 1 
[4005] [4011] -1
[4015] [4016] 1
INSCRIPTIONS 贵州省清镇市 07-02 16:24 -> 广东省高要市 07-02 21:36 465 70655
[4017] Shaw 阿消 new.conditions@of.oppression 1 
[4019] -1
[4024] Steward 史都华德 society.at@large.or 1 
[4029] [4032] 1
INSCRIPTIONS 云南省安宁市 07-25 20:50 -> 新疆米泉市 07-26 14:38 1550 70655
[4040] [4050] [4056] 0
[4060] Glaucus 格劳克斯 the.increase@in.the 2 
[4067] 0
[4069] -1
[4076] Exusiai 能天使 of.America@the.rounding 1 
[4082] 1
INSCRIPTIONS 广东省高要市 08-17 21:40 -> 北京市 08-18 06:40 564 70655
[4085] Purestream 清流 party.itself@To.this 1 
[4086] [4087] 1
LeavesofGrass 广东省四会市 07-25 15:39 -> 新疆伊宁市 07-26 08:52 2829 98306
[4091] 0
[4092] [4094] [4103] Phantom 傀影 not.done.away@with.class 1 
[4104] Skyfire 天火 published.in@the.English 1 
[4106] Frostleaf 霜叶 aims.their@tendencies.and 1 
[4112] 1
LeavesofGrass 福建省建阳市 07-31 21:19 -> 广东省花都市 08-01 01:39 628 98306
[4117] [4122] Meteorite 陨星 thereby.to@the.revolutionary 3 
[4126] Elysium 极境 has.simplified@the.class 3 
[4129] [4132] Cutter 刻刀 antagonisms@Society.as 1 
[4140] 1
LeavesofGrass 新疆塔城市 07-10 07:38 -> 河南省灵宝市 07-10 23:39 2986 98306
[4144] 0
[4145] 0
[4149] [4150] 1
LeavesofGrass 新疆塔城市 07-29 07:38 -> 河北省河间市 07-29 18:01 1851 98306
[4160] 0
[4164] 0
[4165] 1
LeavesofGrass 福建省建阳市 07-19 21:19 -> 河南省偃师市 07-20 03:28 860 98306
[4171] Flamebringer 炎客 nationalities@have.assembled 2 
[4177] [4183] 1
INSCRIPTIONS 广东省高要市 06-18 21:40 -> 新疆米泉市 06-19 14:38 1414 70655
[4184] [4194] [4203] [4210] [4217] [4224] [4227] Spot 斑点 with.a.Manifesto@of.the 1 
[4233] 1
INSCRIPTIONS 黑龙江省五大连池市 06-18 19:22 -> 湖北省枣阳市 06-19 11:59 1544 70655
[4236] Dobermann 杜宾 in.a.word.oppressor@and.oppres 1 
[4246] [4253] [4259] [4265] 0
[4269] 0
[4271] Sussurro 苏苏 to.industry@an.impulse 2 
[4280] -1
[4288] 1
INSCRIPTIONS 贵州省清镇市 07-05 16:24 -> 湖北省枣阳市 07-06 11:59 1717 70655
[4298] 0
[4302] 0
[4310] [4317] [4323] 0
[4332] -1
[4341] 1
LeavesofGrass 浙江省平湖市 07-29 08:59 -> 广东省四会市 07-29 15:34 807 98306
[4342] [4348] Skadi 斯卡蒂 slaves.in.the@Middle.Ages 2 
[4351] 1
LeavesofGrass 广东省四会市 07-01 15:39 -> 广东省花都市 07-02 01:39 2002 98306
[4352] 1
INSCRIPTIONS 黑龙江省五大连池市 07-21 19:22 -> 北京市 07-22 06:40 856 70655
[4353] [4362] Cutter 刻刀 antagonisms@Society.as 1 
[4366] [4373] [4376] 0
[4382] 1
INSCRIPTIONS 黑龙江省五大连池市 08-19 19:22 -> 广东省高要市 08-19 21:36 292 70655
[4384] [4392] [4399] 1
LeavesofGrass 广东省四会市 07-24 15:39 -> 河北省河间市 07-24 18:01 753 98306
[4402] [4403] 1
INSCRIPTIONS 广东省惠阳市 07-29 01:41 -> 北京市 07-29 06:40 411 70655
[4407] [4408] Specter 幽灵鲨 and.plebeian@lord.and 1 
[4414] 0
[4420] 0
[4421] [4429] [4432] [4440] Savage 暴行 guilds.now@no.longer 2 
[4442] 1
LeavesofGrass 辽宁省抚顺市 07-28 14:24 -> 新疆伊宁市 07-29 08:52 2834 98306
[4451] Chen 陈陈 into.various@orders.a 2 
[4454] 1
INSCRIPTIONS 黑龙江省五大连池市 06-22 19:22 -> 广东省高要市 06-22 21:36 292 70655
[4461] 1
INSCRIPTIONS 广东省高要市 07-28 21:40 -> 湖北省枣阳市 07-29 11:59 1252 70655
[4468] 0
[4477] [4487] Snowsant 雪雉 new.forms.of@struggle.in 2 
[4495] 1
INSCRIPTIONS 北京市 07-19 06:46 -> 新疆米泉市 07-19 14:38 850 70655
[4497] Angelina 安洁莉娜 two.great.classes@directly.fac 1 
[4498] [4505] 1
INSCRIPTIONS 云南省安宁市 07-30 20:50 -> 广东省高要市 07-30 21:36 136 70655
[4508] 0
[4513] 0
[4514] [4521] ProjeKTRed 红红 everywhere@a.complicated 1 
[4525] Popukar 泡普卡 and.Chinese@markets.the 4 
[4529] 0
[4539] Leizi 惊蛰 this.spectre@Pope.and 1 
[4547] [4548] [4555] 1
INSCRIPTIONS 云南省安宁市 08-21 20:50 -> 江苏省扬州市 08-22 08:14 900 70655
[4562] [4566] [4569] [4574] [4581] [4586] Vulcan 火神 commodities@generally.gave 2 
[4593] -1
[4599] 1
INSCRIPTIONS 广东省惠阳市 08-03 01:41 -> 湖北省枣阳市 08-03 11:59 1099 70655
[4607] [4615] 1
LeavesofGrass 陕西省安康市 07-12 17:25 -> 河南省灵宝市 07-12 23:39 1160 98306
[4620] [4621] [4626] 1
INSCRIPTIONS 黑龙江省五大连池市 08-15 19:22 -> 广东省高要市 08-15 21:36 292 70655
[4628] [4635] [4638] [4639] 1
INSCRIPTIONS 黑龙江省五大连池市 06-30 19:22 -> 广东省惠阳市 07-01 01:32 445 70655
[4643] 1
INSCRIPTIONS 黑龙江省五大连池市 08-03 19:22 -> 北京市 08-04 06:40 856 70655
[4646] Utage 宴宴 fresh.ground@for.the 2 
[4649] [4659] 1
INSCRIPTIONS 广东省惠阳市 06-27 01:41 -> 北京市 06-27 06:40 411 70655
[4661] 1
INSCRIPTIONS 贵州省清镇市 06-28 16:24 -> 北京市 06-29 06:40 1029 70655
[4662] 1
LeavesofGrass 黑龙江省海林市 07-21 22:56 -> 河南省灵宝市 07-21 23:39 500 98306
[4672] [4681] 1
LeavesofGrass 浙江省平湖市 08-02 08:59 -> 陕西省安康市 08-02 17:15 1535 98306
[4685] GreyThroat 灰喉 Freeman.and@slave.patrician 1 
[4695] [4704] Grani 格拉尼 serfs.of.the@Middle.Ages 1 
[4712] 1
LeavesofGrass 河北省河间市 07-11 18:11 -> 福建省建阳市 07-11 21:14 621 98306
[4715] 0
[4717] 1
INSCRIPTIONS 北京市 07-14 06:46 -> 江苏省扬州市 07-14 08:14 200 70655
[4724] [4725] 1
LeavesofGrass 黑龙江省海林市 07-03 22:56 -> 广东省花都市 07-04 01:39 614 98306
[4726] [4735] [4736] [4740] [4743] [4750] -1
[4759] Durin 杜林 feudal.society@a.rapid 1 
[4762] Indra 因陀罗 ruins.of.feudal@society.has 1 
[4772] [4780] 1
INSCRIPTIONS 贵州省清镇市 07-25 16:24 -> 广东省惠阳市 07-26 01:32 618 70655
[4787] [4790] 0
[4794] 0
[4796] [4801] Fang 芬芬 sufficed.for@the.growing 1 
[4808] 1
INSCRIPTIONS 贵州省清镇市 07-13 16:24 -> 广东省高要市 07-13 21:36 465 70655
[4815] Skadi 斯卡蒂 slaves.in.the@Middle.Ages 2 
[4821] Shaw 阿消 new.conditions@of.oppression 1 
[4827] [4837] 1
LeavesofGrass 宁夏石嘴山市 07-27 19:25 -> 浙江省慈溪市 07-28 09:48 1925 98306
[4838] 1
INSCRIPTIONS 广东省惠阳市 07-03 01:41 -> 北京市 07-03 06:40 411 70655
[4845] [4846] 1
INSCRIPTIONS 黑龙江省五大连池市 07-02 19:22 -> 广东省惠阳市 07-03 01:32 445 70655
[4848] [4856] 1
LeavesofGrass 陕西省安康市 08-02 17:25 -> 新疆博乐市 08-03 06:04 1699 98306
[4862] Ethan 伊桑 acknowledged@by.all 3 
[4863] Durnar 坚雷 adversaries@Two.things 1 
[4873] 1
LeavesofGrass 新疆塔城市 07-03 07:38 -> 河北省河间市 07-03 18:01 1851 98306
[4880] 1
LeavesofGrass 广东省四会市 07-27 15:39 -> 宁夏石嘴山市 07-27 19:18 974 98306
[4882] 1
LeavesofGrass 新疆塔城市 07-06 07:38 -> 辽宁省抚顺市 07-06 14:21 1093 98306
[4884] Firewatch 守林人 opponents.in@power.Where 2 
[4893] [4894] -1
[4901] Midnight 月见夜 system.of.industry@under.which 1 
[4910] [4917] 1
INSCRIPTIONS 北京市 08-09 06:46 -> 湖北省枣阳市 08-09 11:59 688 70655
[4920] [4921] [4931] [4938] 1
LeavesofGrass 新疆塔城市 07-13 07:38 -> 广东省四会市 07-13 15:34 1098 98306
[4946] [4956] 1
LeavesofGrass 陕西省安康市 07-17 17:25 -> 河北省河间市 07-17 18:01 25 98306
[4961] 1
INSCRIPTIONS 贵州省清镇市 07-30 16:24 -> 北京市 07-31 06:40 1029 70655
[4962] Skadi 斯卡蒂 slaves.in.the@Middle.Ages 2 
[4967] [4971] 1
LeavesofGrass 河南省灵宝市 07-07 23:45 -> 浙江省慈溪市 07-08 09:48 1011 98306
[4979] -1
[4985] [4991] 1
LeavesofGrass 河南省偃师市 07-03 03:31 -> 浙江省慈溪市 07-03 09:48 665 98306
[4994] 1
LeavesofGrass 新疆塔城市 07-03 07:38 -> 河南省偃师市 07-04 03:28 3332 98306
[5002] 1
INSCRIPTIONS 贵州省清镇市 07-25 16:24 -> 广东省惠阳市 07-26 01:32 618 70655
[5008] 1
LeavesofGrass 新疆塔城市 07-23 07:38 -> 浙江省平湖市 07-23 08:52 291 98306
[5013] [5023] Mayer 梅尔 colonisation@of.America 1 
[5025] [5034] 1
LeavesofGrass 广东省四会市 07-22 15:39 -> 陕西省安康市 07-22 17:15 728 98306
[5041] 1
INSCRIPTIONS 江苏省扬州市 07-14 08:17 -> 湖北省枣阳市 07-14 11:59 488 70655
[5049] 1
LeavesofGrass 浙江省杭州市 07-03 11:52 -> 河南省偃师市 07-04 03:28 2641 98306
[5055] 0
[5058] 0
[5066] Provence 普罗旺斯 face.of.the@whole.world 1 
[5075] [5083] [5086] Magallan 麦哲 existing.societies@is.the 1 
[5091] Platinum 白金 each.other@Bourgeoisie.and 2 
[5099] Silence 赫默 stood.in.constant@opposition.t 1 
[5106] Eyjafjalla 艾雅法拉 its.place.The@guildmasters.wer 2 
[5107] 1
LeavesofGrass 宁夏石嘴山市 07-26 19:25 -> 福建省建阳市 07-26 21:14 400 98306
[5116] [5124] [5128] 1
LeavesofGrass 福建省建阳市 08-01 21:19 -> 浙江省慈溪市 08-02 09:48 1525 98306
[5129] 1
LeavesofGrass 辽宁省抚顺市 07-15 14:24 -> 新疆博乐市 07-16 06:04 2432 98306
[5133] 0
[5138] 1
INSCRIPTIONS 云南省安宁市 06-15 20:50 -> 江苏省扬州市 06-16 08:14 900 70655
[5142] 1
LeavesofGrass 新疆塔城市 07-12 07:38 -> 广东省花都市 07-13 01:39 3100 98306
[5147] 0
[5150] [5153] Adnachiel 安德切尔 elements.of@the.bourgeoisie 2 
[5156] -1
[5160] -1
[5163] [5173] 0
[5178] 0
[5179] Provence 普罗旺斯 face.of.the@whole.world 1 
[5189] 1
INSCRIPTIONS 广东省高要市 06-14 21:40 -> 新疆米泉市 06-15 14:38 1414 70655
[5198] [5203] Nightmare 夜魔 policespies@Where.is 3 
[5209] [5215] 0
[5225] 0
[5231] 1
INSCRIPTIONS 广东省惠阳市 08-12 01:41 -> 北京市 08-12 06:40 411 70655
[5235] 1
INSCRIPTIONS 贵州省清镇市 08-03 16:24 -> 北京市 08-04 06:40 1029 70655
[5239] [5240] Chen 陈陈 into.various@orders.a 2 
[5243] [5251] [5255] Manticore 狮蝎 not.hurled@back.the 2 
[5262] 1
LeavesofGrass 浙江省平湖市 08-03 08:59 -> 河南省偃师市 08-04 03:28 3041 98306
[5263] 0
[5267] 0
[5274] [5283] 1
INSCRIPTIONS 云南省安宁市 06-28 20:50 -> 广东省惠阳市 06-29 01:32 289 70655
[5284] [5288] -1
[5295] 1
LeavesofGrass 河北省河间市 07-22 18:11 -> 新疆博乐市 07-23 06:04 1674 98306
[5303] 0
[5304] [5306] FEater 食铁兽 an.uninterrupted@now.hidden 1 
[5309] [5312] 1
LeavesofGrass 辽宁省抚顺市 07-04 14:24 -> 湖南省衡阳市 07-04 16:17 245 98306
[5316] Executor 送葬人 history.of@all.hitherto 1 
[5321] Durin 杜林 feudal.society@a.rapid 1 
[5323] [5332] Rope 暗索 pushed.on.one@side.by 1 
[5342] [5346] [5354] 1
LeavesofGrass 新疆塔城市 07-29 07:38 -> 宁夏石嘴山市 07-29 19:18 2072 98306
[5360] 1
LeavesofGrass 新疆塔城市 07-29 07:38 -> 新疆伊宁市 07-30 08:52 3927 98306
[5361] 0
[5370] 0
[5374] [5379] 1
INSCRIPTIONS 云南省安宁市 07-16 20:50 -> 湖北省枣阳市 07-17 11:59 1388 70655
[5380] [5389] 1
INSCRIPTIONS 广东省惠阳市 07-30 01:41 -> 江苏省扬州市 07-30 08:14 611 70655
[5399] [5402] 1
INSCRIPTIONS 贵州省清镇市 08-03 16:24 -> 江苏省扬州市 08-04 08:14 1229 70655
[5408] Skyfire 天火 published.in@the.English 1 
[5412] Gitano 远山 sprang.the@chartered.burghers 1 
[5421] Conviction 断罪 vanished.in@the.face 2 
[5429] [5433] 1
LeavesofGrass 浙江省杭州市 07-12 11:52 -> 河南省偃师市 07-13 03:28 2641 98306
[5443] 1
INSCRIPTIONS 广东省高要市 07-13 21:40 -> 北京市 07-14 06:40 564 70655
[5445] [5454] 1
INSCRIPTIONS 广东省高要市 06-27 21:40 -> 江苏省扬州市 06-28 08:14 764 70655
[5459] Broca 布洛卡 branding.reproach@of.Communism 1 
[5465] 0
[5471] Mostima 莫斯提马 of.the.earliest@towns.From 2 
[5473] [5483] 1
LeavesofGrass 陕西省安康市 07-17 17:25 -> 河北省河间市 07-17 18:01 25 98306
[5484] Exusiai 能天使 of.America@the.rounding 1 
[5491] Franka 芙兰 of.division@of.labour 1 
[5494] 1
LeavesofGrass 浙江省平湖市 07-31 08:59 -> 湖南省衡阳市 07-31 16:17 1047 98306
[5502] [5503] [5513] 1
LeavesofGrass 福建省建阳市 06-30 21:19 -> 河南省灵宝市 06-30 23:39 514 98306
[5523] Catapult 空爆 two.great.hostile@camps.into 1 
[5525] 1
LeavesofGrass 宁夏石嘴山市 07-21 19:25 -> 浙江省慈溪市 07-22 09:48 1925 98306
[5534] 1
INSCRIPTIONS 云南省安宁市 08-20 20:50 -> 广东省高要市 08-20 21:36 136 70655
[5539] 1
INSCRIPTIONS 贵州省清镇市 07-16 16:24 -> 黑龙江省五大连池市 07-16 19:12 173 70655
[5542] 1
LeavesofGrass 河南省灵宝市 07-07 23:45 -> 浙江省慈溪市 07-08 09:48 1011 98306
[5547] Siege 推进之王 monopolised@by.closed 1 
[5557] 0
[5561] 0
[5566] 1
LeavesofGrass 浙江省平湖市 07-21 08:59 -> 河北省河间市 07-21 18:01 1560 98306
[5571] 1
INSCRIPTIONS 江苏省扬州市 06-16 08:17 -> 新疆米泉市 06-16 14:38 650 70655
[5579] [5580] 1
LeavesofGrass 宁夏石嘴山市 07-12 19:25 -> 河南省灵宝市 07-12 23:39 914 98306
[5583] 0
[5585] 0
[5588] 0
[5598] [5607] 1
INSCRIPTIONS 广东省惠阳市 08-11 01:41 -> 江苏省扬州市 08-11 08:14 611 70655
[5611] Rope 暗索 pushed.on.one@side.by 1 
[5617] 1
INSCRIPTIONS 云南省安宁市 07-29 20:50 -> 广东省高要市 07-29 21:36 136 70655
[5625] 1
LeavesofGrass 黑龙江省海林市 07-06 22:56 -> 新疆伊宁市 07-07 08:52 1441 98306
[5628] 1
LeavesofGrass 广东省四会市 07-24 15:39 -> 新疆博乐市 07-25 06:04 2427 98306
[5632] [5639] -1
[5645] [5653] 1
INSCRIPTIONS 贵州省清镇市 08-12 16:24 -> 江苏省扬州市 08-13 08:14 1229 70655
[5656] Sora 空空 have.patricians@knights.plebei 1 
[5666] 0
[5667] 0
[5668] Schwarz 黑黑 is.the.Opposition@that.has 1 
[5670] [5673] [5674] Cuora 蛇屠箱 trade.with@the.colonies 1 
[5682] [5686] Ceylon 锡兰 the.contending@classes.In 1 
[5695] Skadi 斯卡蒂 slaves.in.the@Middle.Ages 2 
[5701] 1
INSCRIPTIONS 贵州省清镇市 08-10 16:24 -> 湖北省枣阳市 08-11 11:59 1717 70655
[5706] [5715] Meteor 流星 but.established@new.classes 1 
[5725] [5729] 1
LeavesofGrass 新疆伊宁市 07-03 08:57 -> 浙江省慈溪市 07-03 09:48 70 98306
[5733] [5737] Plume 翎羽 serf.guildmaster@and.journeyma 2 
[5746] 0
[5751] 1
INSCRIPTIONS 黑龙江省五大连池市 06-18 19:22 -> 云南省安宁市 06-18 20:42 156 70655
[5755] Hibiscus 芙蓉 Communistic@by.its 1 
[5758] 0
[5764] 0
[5772] Midnight 月见夜 longer.sufficed@Thereupon.stea 1 
[5774] 1
LeavesofGrass 湖南省衡阳市 07-06 16:20 -> 新疆博乐市 07-07 06:04 2187 98306
[5784] [5787] Firewatch 守林人 opponents.in@power.Where 2 
[5792] Skyfire 天火 published.in@the.English 1 
[5800] Hibiscus 芙蓉 Communistic@by.its 1 
[5805] 1
LeavesofGrass 陕西省安康市 07-26 17:25 -> 河南省灵宝市 07-26 23:39 1160 98306
[5814] Cuora 蛇屠箱 trade.with@the.colonies 1 
[5816] 1
LeavesofGrass 新疆塔城市 07-27 07:38 -> 广东省花都市 07-28 01:39 3100 98306
[5819] [5825] [5828] 1
INSCRIPTIONS 广东省高要市 08-13 21:40 -> 新疆米泉市 08-14 14:38 1414 70655
[5835] [5836] [5840] 1
LeavesofGrass 新疆塔城市 07-13 07:38 -> 河南省偃师市 07-14 03:28 3332 98306
[5849] Mayer 梅尔 colonisation@of.America 1 
[5859] [5860] [5865] [5867] Haze 夜烟 result.from@this.fact 1 
[5873] Yato 夜刀 meet.this.nursery@tale.of 3 
[5877] Fang 芬芬 sufficed.for@the.growing 1 
[5879] 1
LeavesofGrass 浙江省平湖市 07-30 08:59 -> 广东省花都市 07-31 01:39 2809 98306
[5888] [5893] 0
[5897] 1
LeavesofGrass 辽宁省抚顺市 07-02 14:24 -> 新疆伊宁市 07-03 08:52 2834 98306
[5902] 1
LeavesofGrass 河北省河间市 06-28 18:11 -> 浙江省慈溪市 06-29 09:48 2146 98306
[5903] [5904] Grani 格拉尼 serfs.of.the@Middle.Ages 1 
[5905] [5910] Utage 宴宴 and.machinery@revolutionised.i 2 
[5911] Angelina 安洁莉娜 two.great.classes@directly.fac 1 
[5913] 1
LeavesofGrass 辽宁省抚顺市 07-30 14:24 -> 福建省建阳市 07-30 21:14 1379 98306
[5917] 1
INSCRIPTIONS 贵州省清镇市 06-16 16:24 -> 湖北省枣阳市 06-17 11:59 1717 70655
[5918] 1
LeavesofGrass 河南省偃师市 07-05 03:31 -> 新疆伊宁市 07-05 08:52 595 98306
[5927] 1
LeavesofGrass 河北省河间市 07-31 18:11 -> 广东省花都市 08-01 01:39 1249 98306
[5933] 1
LeavesofGrass 黑龙江省海林市 07-16 22:56 -> 新疆博乐市 07-17 06:04 1039 98306
[5940] Hung 吽吽 itself.a.Power@II.It 1 
[5946] [5950] [5953] Franka 芙兰 of.division@of.labour 1 
[5961] Gitano 远山 sprang.the@chartered.burghers 1 
[5968] 1
INSCRIPTIONS 广东省惠阳市 08-21 01:41 -> 北京市 08-21 06:40 411 70655
[5970] 1
LeavesofGrass 浙江省平湖市 08-01 08:59 -> 辽宁省抚顺市 08-01 14:21 802 98306
[5979] 1
LeavesofGrass 湖南省衡阳市 07-30 16:20 -> 福建省建阳市 07-30 21:14 1134 98306
[5986] [5994] 1
LeavesofGrass 广东省四会市 07-20 15:39 -> 湖南省衡阳市 07-20 16:17 240 98306
[5996] 1
INSCRIPTIONS 云南省安宁市 07-31 20:50 -> 广东省高要市 07-31 21:36 136 70655
[6001] 1
INSCRIPTIONS 广东省高要市 08-04 21:40 -> 湖北省枣阳市 08-05 11:59 1252 70655
[6011] Midnight 月见夜 longer.sufficed@Thereupon.stea 1 
[6019] Ansel 安赛尔 now.open.fight@a.fight 2 
[6027] [6029] Phantom 傀影 not.done.away@with.class 1 
[6038] Liskarm 雷蛇 well.as.against@its.reactionar 1 
[6042] 1
INSCRIPTIONS 广东省高要市 08-07 21:40 -> 北京市 08-08 06:40 564 70655
[6043] Steward 史都华德 society.at@large.or 1 
[6048] [6058] 1
LeavesofGrass 新疆塔城市 06-28 07:38 -> 陕西省安康市 06-28 17:15 1826 98306
[6063] [6072] 1
INSCRIPTIONS 贵州省清镇市 07-04 16:24 -> 广东省惠阳市 07-05 01:32 618 70655
[6074] [6083] [6092] 1
LeavesofGrass 新疆塔城市 07-28 07:38 -> 湖南省衡阳市 07-28 16:17 1338 98306
[6097] [6105] Mostima 莫斯提马 of.the.earliest@towns.From 2 
[6108] [6118] 1
LeavesofGrass 广东省花都市 07-13 01:43 -> 新疆伊宁市 07-13 08:52 827 98306
[6125] Haze 夜烟 result.from@this.fact 1 
[6131] 1
LeavesofGrass 新疆塔城市 07-28 07:38 -> 福建省建阳市 07-28 21:14 2472 98306
[6133] 1
LeavesofGrass 浙江省杭州市 07-05 11:52 -> 辽宁省抚顺市 07-05 14:21 402 98306
[6141] [6147] [6155] [6159] [6162] [6163] 1
INSCRIPTIONS 贵州省清镇市 08-18 16:24 -> 新疆米泉市 08-19 14:38 1879 70655
[6173] [6181] 0
[6183] 0
[6192] Adnachiel 安德切尔 elements.of@the.bourgeoisie 2 
[6193] [6197] 1
INSCRIPTIONS 广东省惠阳市 07-01 01:41 -> 北京市 07-01 06:40 411 70655
[6206] 1
LeavesofGrass 河北省河间市 07-05 18:11 -> 黑龙江省海林市 07-05 22:46 635 98306
[6215] [6221] -1
[6225] 1
INSCRIPTIONS 北京市 07-10 06:46 -> 新疆米泉市 07-10 14:38 850 70655
[6231] [6234] 0
[6235] 1
INSCRIPTIONS 贵州省清镇市 07-08 16:24 -> 北京市 07-09 06:40 1029 70655
[6240] Cuora 蛇屠箱 trade.with@the.colonies 1 
[6250] Ceylon 锡兰 the.contending@classes.In 1 
[6256] 1
LeavesofGrass 浙江省杭州市 07-14 11:52 -> 广东省花都市 07-15 01:39 2409 98306
[6257] 1
INSCRIPTIONS 广东省高要市 08-12 21:40 -> 江苏省扬州市 08-13 08:14 764 70655
[6260] 1
INSCRIPTIONS 黑龙江省五大连池市 06-20 19:22 -> 新疆米泉市 06-21 14:38 1706 70655
[6263] 1
LeavesofGrass 陕西省安康市 08-04 17:25 -> 宁夏石嘴山市 08-04 19:18 246 98306
[6266] 1
LeavesofGrass 福建省建阳市 07-16 21:19 -> 新疆伊宁市 07-17 08:52 1455 98306
[6272] Cuora 蛇屠箱 trade.with@the.colonies 1 
[6276] [6284] Nearl 临光 history.we@find.almost 1 
[6294] [6301] Sussurro 苏苏 to.industry@an.impulse 2 
[6305] [6311] 1
INSCRIPTIONS 贵州省清镇市 06-26 16:24 -> 新疆米泉市 06-27 14:38 1879 70655
[6314] 1
LeavesofGrass 河南省灵宝市 07-09 23:45 -> 新疆博乐市 07-10 06:04 539 98306
[6316] [6318] [6325] Steward 史都华德 society.at@large.or 1 
[6329] [6331] 1
LeavesofGrass 河北省河间市 07-07 18:11 -> 广东省花都市 07-08 01:39 1249 98306
[6340] Bibeak 柏喙 the.bourgeoisie@possesses.howe 1 
[6346] Skyfire 天火 published.in@the.English 1 
[6350] [6358] 1
LeavesofGrass 浙江省杭州市 07-30 11:52 -> 福建省建阳市 07-30 21:14 1781 98306
[6363] 1
LeavesofGrass 新疆塔城市 08-04 07:38 -> 新疆博乐市 08-05 06:04 3525 98306
[6371] [6376] 1
INSCRIPTIONS 湖北省枣阳市 07-10 12:03 -> 新疆米泉市 07-10 14:38 162 70655
[6386] [6391] 1
LeavesofGrass 河南省偃师市 07-11 03:31 -> 新疆伊宁市 07-11 08:52 595 98306
[6397] Meteorite 陨星 thereby.to@the.revolutionary 3 
[6398] [6401] [6403] Zima 凛冬 industrial@production.was 2 
[6409] 1
LeavesofGrass 广东省四会市 07-31 15:39 -> 湖南省衡阳市 07-31 16:17 240 98306
[6414] Ptilopsis 白面鸮 this.distinctive@feature.it 2 
[6420] 1
INSCRIPTIONS 北京市 07-23 06:46 -> 江苏省扬州市 07-23 08:14 200 70655
[6428] [6435] [6441] [6448] 1
INSCRIPTIONS 广东省惠阳市 06-16 01:41 -> 北京市 06-16 06:40 411 70655
[6458] 1
INSCRIPTIONS 云南省安宁市 07-31 20:50 -> 北京市 08-01 06:40 700 70655
[6464] 1
LeavesofGrass 河北省河间市 07-26 18:11 -> 广东省花都市 07-27 01:39 1249 98306
[6474] Midnight 月见夜 longer.sufficed@Thereupon.stea 1 
[6483] [6490] 1
LeavesofGrass 浙江省平湖市 07-14 08:59 -> 广东省花都市 07-15 01:39 2809 98306
[6496] [6505] [6507] Franka 芙兰 of.division@of.labour 1 
[6510] Ambriel 安比尔 place.of.the@old.ones 1 
[6520] 1
INSCRIPTIONS 黑龙江省五大连池市 08-01 19:22 -> 广东省惠阳市 08-02 01:32 445 70655
[6529] 1
INSCRIPTIONS 北京市 07-21 06:46 -> 新疆米泉市 07-21 14:38 850 70655
[6538] [6542] Manticore 狮蝎 not.hurled@back.the 2 
[6547] 1
LeavesofGrass 湖南省衡阳市 07-25 16:20 -> 黑龙江省海林市 07-25 22:46 1148 98306
[6557] Flamebringer 炎客 nationalities@have.assembled 2 
[6561] 1
INSCRIPTIONS 云南省安宁市 07-21 20:50 -> 湖北省枣阳市 07-22 11:59 1388 70655
[6569] [6576] 0
[6581] [6591] 1
LeavesofGrass 新疆伊宁市 07-20 08:57 -> 浙江省慈溪市 07-20 09:48 70 98306
[6596] Platinum 白金 each.other@Bourgeoisie.and 2 
[6597] [6605] Ceylon 锡兰 the.contending@classes.In 1 
[6611] Cutter 刻刀 antagonisms@Society.as 1 
[6621] bye
